<?xml version="1.0" encoding="UTF-8"?>
<testsuite name="com.spring.springbootdeveloper.TestControllerTest" tests="1" skipped="0" failures="0" errors="0" timestamp="2024-05-31T04:44:11" hostname="DESKTOP-ETVKE9M" time="0.452">
  <properties/>
  <testcase name="getAllMembers: 아티클 조회에 성공한다." classname="com.spring.springbootdeveloper.TestControllerTest" time="0.452"/>
  <system-out><![CDATA[13:44:07.799 [Test worker] DEBUG org.springframework.boot.test.context.SpringBootTestContextBootstrapper - Neither @ContextConfiguration nor @ContextHierarchy found for test class [TestControllerTest]: using SpringBootContextLoader
13:44:07.804 [Test worker] DEBUG org.springframework.test.context.support.AbstractContextLoader - Could not detect default resource locations for test class [com.spring.springbootdeveloper.TestControllerTest]: no resource found for suffixes {-context.xml, Context.groovy}.
13:44:07.805 [Test worker] INFO org.springframework.test.context.support.AnnotationConfigContextLoaderUtils - Could not detect default configuration classes for test class [com.spring.springbootdeveloper.TestControllerTest]: TestControllerTest does not declare any static, non-private, non-final, nested classes annotated with @Configuration.
13:44:07.840 [Test worker] DEBUG org.springframework.boot.test.context.SpringBootTestContextBootstrapper - Using ContextCustomizers for test class [TestControllerTest]: [DisableObservabilityContextCustomizer, PropertyMappingContextCustomizer, Customizer, ImportsContextCustomizer, ExcludeFilterContextCustomizer, DuplicateJsonObjectContextCustomizer, MockitoContextCustomizer, TestRestTemplateContextCustomizer]
13:44:07.897 [Test worker] DEBUG org.springframework.context.annotation.ClassPathScanningCandidateComponentProvider - Identified candidate component class: file [C:\Users\user\Documents\intellij\springboot-developer\build\classes\java\main\com\spring\springbootdeveloper\SpringbootDeveloperApplication.class]
13:44:07.907 [Test worker] INFO org.springframework.boot.test.context.SpringBootTestContextBootstrapper - Found @SpringBootConfiguration com.spring.springbootdeveloper.SpringbootDeveloperApplication for test class com.spring.springbootdeveloper.TestControllerTest
13:44:08.009 [Test worker] DEBUG org.springframework.boot.test.context.SpringBootTestContextBootstrapper - Using TestExecutionListeners for test class [TestControllerTest]: [ServletTestExecutionListener, DirtiesContextBeforeModesTestExecutionListener, ApplicationEventsTestExecutionListener, MockitoTestExecutionListener, DependencyInjectionTestExecutionListener, DirtiesContextTestExecutionListener, TransactionalTestExecutionListener, SqlScriptsTestExecutionListener, EventPublishingTestExecutionListener, RestDocsTestExecutionListener, MockRestServiceServerResetTestExecutionListener, MockMvcPrintOnlyOnFailureTestExecutionListener, WebDriverTestExecutionListener, MockWebServiceServerTestExecutionListener, ResetMocksTestExecutionListener]
13:44:08.012 [Test worker] DEBUG org.springframework.test.context.support.AbstractDirtiesContextTestExecutionListener - Before test class: class [TestControllerTest], class annotated with @DirtiesContext [false] with mode [null]

  .   ____          _            __ _ _
 /\\ / ___'_ __ _ _(_)_ __  __ _ \ \ \ \
( ( )\___ | '_ | '_| | '_ \/ _` | \ \ \ \
 \\/  ___)| |_)| | | | | || (_| |  ) ) ) )
  '  |____| .__|_| |_|_| |_\__, | / / / /
 =========|_|==============|___/=/_/_/_/
 :: Spring Boot ::                (v3.0.2)

2024-05-31T13:44:08.265+09:00  INFO 17484 --- [    Test worker] c.s.s.TestControllerTest                 : Starting TestControllerTest using Java 17.0.11 with PID 17484 (started by user in C:\Users\user\Documents\intellij\springboot-developer)
2024-05-31T13:44:08.266+09:00  INFO 17484 --- [    Test worker] c.s.s.TestControllerTest                 : No active profile set, falling back to 1 default profile: "default"
2024-05-31T13:44:08.765+09:00  INFO 17484 --- [    Test worker] .s.d.r.c.RepositoryConfigurationDelegate : Bootstrapping Spring Data JPA repositories in DEFAULT mode.
2024-05-31T13:44:08.819+09:00  INFO 17484 --- [    Test worker] .s.d.r.c.RepositoryConfigurationDelegate : Finished Spring Data repository scanning in 45 ms. Found 1 JPA repository interfaces.
2024-05-31T13:44:09.141+09:00  INFO 17484 --- [    Test worker] com.zaxxer.hikari.HikariDataSource       : HikariPool-1 - Starting...
2024-05-31T13:44:09.332+09:00  INFO 17484 --- [    Test worker] com.zaxxer.hikari.pool.HikariPool        : HikariPool-1 - Added connection conn0: url=jdbc:h2:mem:testdb user=SA
2024-05-31T13:44:09.334+09:00  INFO 17484 --- [    Test worker] com.zaxxer.hikari.HikariDataSource       : HikariPool-1 - Start completed.
2024-05-31T13:44:09.374+09:00  INFO 17484 --- [    Test worker] o.hibernate.jpa.internal.util.LogHelper  : HHH000204: Processing PersistenceUnitInfo [name: default]
2024-05-31T13:44:09.433+09:00  INFO 17484 --- [    Test worker] org.hibernate.Version                    : HHH000412: Hibernate ORM core version 6.1.6.Final
2024-05-31T13:44:09.614+09:00  WARN 17484 --- [    Test worker] org.hibernate.orm.deprecation            : HHH90000021: Encountered deprecated setting [javax.persistence.sharedCache.mode], use [jakarta.persistence.sharedCache.mode] instead
2024-05-31T13:44:09.772+09:00  INFO 17484 --- [    Test worker] SQL dialect                              : HHH000400: Using dialect: org.hibernate.dialect.H2Dialect
Hibernate: 
    
    drop table if exists member cascade 
Hibernate: 
    
    create table member (
       id bigint generated by default as identity,
        name varchar(255) not null,
        primary key (id)
    )
2024-05-31T13:44:10.457+09:00  INFO 17484 --- [    Test worker] o.h.e.t.j.p.i.JtaPlatformInitiator       : HHH000490: Using JtaPlatform implementation: [org.hibernate.engine.transaction.jta.platform.internal.NoJtaPlatform]
2024-05-31T13:44:10.467+09:00  INFO 17484 --- [    Test worker] j.LocalContainerEntityManagerFactoryBean : Initialized JPA EntityManagerFactory for persistence unit 'default'
2024-05-31T13:44:10.786+09:00  WARN 17484 --- [    Test worker] JpaBaseConfiguration$JpaWebConfiguration : spring.jpa.open-in-view is enabled by default. Therefore, database queries may be performed during view rendering. Explicitly configure spring.jpa.open-in-view to disable this warning
2024-05-31T13:44:11.082+09:00  INFO 17484 --- [    Test worker] o.s.b.t.m.w.SpringBootMockServletContext : Initializing Spring TestDispatcherServlet ''
2024-05-31T13:44:11.082+09:00  INFO 17484 --- [    Test worker] o.s.t.web.servlet.TestDispatcherServlet  : Initializing Servlet ''
2024-05-31T13:44:11.084+09:00  INFO 17484 --- [    Test worker] o.s.t.web.servlet.TestDispatcherServlet  : Completed initialization in 0 ms
2024-05-31T13:44:11.104+09:00  INFO 17484 --- [    Test worker] c.s.s.TestControllerTest                 : Started TestControllerTest in 3.05 seconds (process running for 4.077)
2024-05-31T13:44:11.273+09:00  INFO 17484 --- [    Test worker] o.s.b.t.m.w.SpringBootMockServletContext : Initializing Spring TestDispatcherServlet ''
2024-05-31T13:44:11.274+09:00  INFO 17484 --- [    Test worker] o.s.t.web.servlet.TestDispatcherServlet  : Initializing Servlet ''
2024-05-31T13:44:11.274+09:00  INFO 17484 --- [    Test worker] o.s.t.web.servlet.TestDispatcherServlet  : Completed initialization in 0 ms
Hibernate: 
    select
        m1_0.id,
        m1_0.name 
    from
        member m1_0 
    where
        m1_0.id=?
Hibernate: 
    insert 
    into
        member
        (id, name) 
    values
        (default, ?)
Hibernate: 
    select
        m1_0.id,
        m1_0.name 
    from
        member m1_0
Hibernate: 
    select
        m1_0.id,
        m1_0.name 
    from
        member m1_0
Hibernate: 
    delete 
    from
        member 
    where
        id=?
]]></system-out>
  <system-err><![CDATA[]]></system-err>
</testsuite>
